<?xml version="1.0" encoding="UTF-8"?>
<testsuites name="Calculator_Test_Suit" time="0" tests="0" failures="0" errors="0">
   <testsuite name="Calculator_Test_Suit" tests="0" failures="0" errors="0" time="0" timestamp="2019-06-19 16:09:49" hostname="VenD - IqraBibi" id="Test Suites/Calculator_Test_Suit">
      <properties>
         <property name="deviceName" value=""/>
         <property name="devicePlatform" value=""/>
         <property name="logFolder" value="D:\\KatalonIntegration\\Web-Api-Automation-on-katalon\\Reports\\Calculator_Test_Suit\\20190619_160943"/>
         <property name="logFiles" value="D:\\KatalonIntegration\\Web-Api-Automation-on-katalon\\Reports\\Calculator_Test_Suit\\20190619_160943\\execution0.log"/>
         <property name="attachments" value=""/>
         <property name="hostName" value="VenD - IqraBibi"/>
         <property name="hostAddress" value="10.0.75.1"/>
         <property name="os" value="Windows 10 64bit"/>
         <property name="katalonVersion" value="6.1.0.1"/>
      </properties>
      <system-out><![CDATA[2019-06-19 16:09:49 - [TEST_SUITE][PASSED] - Calculator_Test_Suit: null]]></system-out>
      <system-err><![CDATA[]]></system-err>
   </testsuite>
</testsuites>
