<?xml version="1.0" encoding="UTF-8"?>
<testsuites name="Calculator_Test_Suit" time="42" tests="2" failures="0" errors="0">
   <testsuite name="Calculator_Test_Suit" tests="2" failures="0" errors="0" time="42" timestamp="2019-06-19 18:20:04" hostname="VenD - IqraBibi" id="Test Suites/Calculator_Test_Suit">
      <properties>
         <property name="deviceName" value=""/>
         <property name="devicePlatform" value=""/>
         <property name="logFolder" value="D:\\KatalonIntegration\\Web-Api-Automation-on-katalon\\Reports\\Calculator_Test_Suit\\20190619_181957"/>
         <property name="logFiles" value="D:\\KatalonIntegration\\Web-Api-Automation-on-katalon\\Reports\\Calculator_Test_Suit\\20190619_181957\\execution0.log"/>
         <property name="attachments" value=""/>
         <property name="hostName" value="VenD - IqraBibi"/>
         <property name="os" value="Windows 10 64bit"/>
         <property name="katalonVersion" value="6.1.0.1"/>
         <property name="browser" value="Firefox 67.0"/>
         <property name="hostAddress" value="10.0.75.1"/>
         <property name="sessionId" value="584dbca8-c66a-4e83-a56a-f347507059d5"/>
         <property name="seleniumVersion" value="3.7.1"/>
         <property name="proxyInformation" value="ProxyInformation{proxyOption=NO_PROXY, proxyServerType=HTTP, password=, proxyServerAddress=, proxyServerPort=0}"/>
         <property name="platform" value="Windows 10"/>
      </properties>
      <testcase name="Test Cases/Add_Item_TestCase/Add_Kitchen_Office_Items" classname="Test Cases/Add_Item_TestCase/Add_Kitchen_Office_Items" status="PASSED">
         <system-out><![CDATA[2019-06-19 18:20:04 - [TEST_CASE][PASSED] - Test Cases/Add_Item_TestCase/Add_Kitchen_Office_Items: Test Cases/Add_Item_TestCase/Add_Kitchen_Office_Items

2019-06-19 18:20:04 - [TEST_STEP][PASSED] - openBrowser(""): Browser is opened with url: ''

2019-06-19 18:20:05 - [MESSAGE][INFO] - Starting 'Firefox' driver

2019-06-19 18:20:05 - [MESSAGE][INFO] - Action delay is set to 0 seconds

2019-06-19 18:20:09 - [MESSAGE][PASSED] - Browser is opened with url: ''

2019-06-19 18:20:09 - [TEST_STEP][PASSED] - navigateToUrl("http://qa1.bystored.com/calculator"): Navigate to 'http://qa1.bystored.com/calculator' successfully

2019-06-19 18:20:10 - [MESSAGE][PASSED] - Navigate to 'http://qa1.bystored.com/calculator' successfully

2019-06-19 18:20:10 - [TEST_STEP][PASSED] - maximizeWindow(): Current window maximized

2019-06-19 18:20:10 - [MESSAGE][PASSED] - Current window maximized

2019-06-19 18:20:11 - [TEST_STEP][PASSED] - waitForElementVisible(findTestObject("Page_Storage Calculator  STORED/button_Bar Stool_add-383"), 0): Object 'Object Repository/Page_Storage Calculator  STORED/button_Bar Stool_add-383' is visible

2019-06-19 18:20:11 - [MESSAGE][WARNING] - Timeout '0' is invalid. Using default page load timeout: '30'

2019-06-19 18:20:11 - [MESSAGE][PASSED] - Object 'Object Repository/Page_Storage Calculator  STORED/button_Bar Stool_add-383' is visible

2019-06-19 18:20:11 - [TEST_STEP][PASSED] - click(findTestObject("Page_Storage Calculator  STORED/button_Bar Stool_add-383"), STOP_ON_FAILURE): Object: 'Object Repository/Page_Storage Calculator  STORED/button_Bar Stool_add-383' is clicked on

2019-06-19 18:20:11 - [MESSAGE][PASSED] - Object: 'Object Repository/Page_Storage Calculator  STORED/button_Bar Stool_add-383' is clicked on

2019-06-19 18:20:11 - [TEST_STEP][PASSED] - delay(2): Delayed 2 second(s)

2019-06-19 18:20:13 - [MESSAGE][PASSED] - Delayed 2 second(s)

2019-06-19 18:20:13 - [TEST_STEP][PASSED] - click(findTestObject("Page_Storage Calculator  STORED/a_Office")): Object: 'Object Repository/Page_Storage Calculator  STORED/a_Office' is clicked on

2019-06-19 18:20:13 - [MESSAGE][PASSED] - Object: 'Object Repository/Page_Storage Calculator  STORED/a_Office' is clicked on

2019-06-19 18:20:13 - [TEST_STEP][PASSED] - waitForElementVisible(findTestObject("Page_Storage Calculator  STORED/a_Office"), 2): Object 'Object Repository/Page_Storage Calculator  STORED/a_Office' is visible

2019-06-19 18:20:13 - [MESSAGE][PASSED] - Object 'Object Repository/Page_Storage Calculator  STORED/a_Office' is visible

2019-06-19 18:20:13 - [TEST_STEP][PASSED] - click(findTestObject("Page_Storage Calculator  STORED/img")): Object: 'Object Repository/Page_Storage Calculator  STORED/img' is clicked on

2019-06-19 18:20:14 - [MESSAGE][PASSED] - Object: 'Object Repository/Page_Storage Calculator  STORED/img' is clicked on

2019-06-19 18:20:14 - [TEST_STEP][PASSED] - verifyElementPresent(findTestObject("Page_Storage Calculator  STORED/img_Height_icon icon-done", ["variable":""]), 0): Object 'Object Repository/Page_Storage Calculator  STORED/img_Height_icon icon-done' is present

2019-06-19 18:20:14 - [MESSAGE][WARNING] - Timeout '0' is invalid. Using default page load timeout: '30'

2019-06-19 18:20:14 - [MESSAGE][PASSED] - Object 'Object Repository/Page_Storage Calculator  STORED/img_Height_icon icon-done' is present]]></system-out>
         <system-err><![CDATA[]]></system-err>
      </testcase>
      <testcase name="Test Cases/Add_Item_TestCase/Add_Custom_Item" classname="Test Cases/Add_Item_TestCase/Add_Custom_Item" status="PASSED">
         <system-out><![CDATA[2019-06-19 18:20:14 - [TEST_CASE][PASSED] - Test Cases/Add_Item_TestCase/Add_Custom_Item: Test Cases/Add_Item_TestCase/Add_Custom_Item

2019-06-19 18:20:14 - [TEST_STEP][PASSED] - delay(5): Delayed 5 second(s)

2019-06-19 18:20:19 - [MESSAGE][PASSED] - Delayed 5 second(s)

2019-06-19 18:20:19 - [TEST_STEP][PASSED] - click(findTestObject("Page_Storage Calculator  STORED/a_Add a custom item")): Object: 'Object Repository/Page_Storage Calculator  STORED/a_Add a custom item' is clicked on

2019-06-19 18:20:19 - [MESSAGE][PASSED] - Object: 'Object Repository/Page_Storage Calculator  STORED/a_Add a custom item' is clicked on

2019-06-19 18:20:19 - [TEST_STEP][PASSED] - click(findTestObject("Page_Storage Calculator  STORED/input_Item name_custom-item-name")): Object: 'Object Repository/Page_Storage Calculator  STORED/input_Item name_custom-item-name' is clicked on

2019-06-19 18:20:19 - [MESSAGE][PASSED] - Object: 'Object Repository/Page_Storage Calculator  STORED/input_Item name_custom-item-name' is clicked on

2019-06-19 18:20:19 - [TEST_STEP][PASSED] - setText(findTestObject("Page_Storage Calculator  STORED/input_Item name_custom-item-name"), Custom_Item_Name): Text 'Box
' is set on object 'Object Repository/Page_Storage Calculator  STORED/input_Item name_custom-item-name'

2019-06-19 18:20:19 - [MESSAGE][PASSED] - Text 'Box
' is set on object 'Object Repository/Page_Storage Calculator  STORED/input_Item name_custom-item-name'

2019-06-19 18:20:19 - [TEST_STEP][PASSED] - delay(5): Delayed 5 second(s)

2019-06-19 18:20:24 - [MESSAGE][PASSED] - Delayed 5 second(s)

2019-06-19 18:20:24 - [TEST_STEP][PASSED] - click(findTestObject("Page_Storage Calculator  STORED/input_Length_custom-item-length")): Object: 'Object Repository/Page_Storage Calculator  STORED/input_Length_custom-item-length' is clicked on

2019-06-19 18:20:25 - [MESSAGE][PASSED] - Object: 'Object Repository/Page_Storage Calculator  STORED/input_Length_custom-item-length' is clicked on

2019-06-19 18:20:25 - [TEST_STEP][PASSED] - delay(5): Delayed 5 second(s)

2019-06-19 18:20:30 - [MESSAGE][PASSED] - Delayed 5 second(s)

2019-06-19 18:20:30 - [TEST_STEP][PASSED] - setText(findTestObject("Page_Storage Calculator  STORED/input_Length_custom-item-length"), "1"): Text '1' is set on object 'Object Repository/Page_Storage Calculator  STORED/input_Length_custom-item-length'

2019-06-19 18:20:30 - [MESSAGE][PASSED] - Text '1' is set on object 'Object Repository/Page_Storage Calculator  STORED/input_Length_custom-item-length'

2019-06-19 18:20:30 - [TEST_STEP][PASSED] - delay(5): Delayed 5 second(s)

2019-06-19 18:20:35 - [MESSAGE][PASSED] - Delayed 5 second(s)

2019-06-19 18:20:35 - [TEST_STEP][PASSED] - click(findTestObject("Page_Storage Calculator  STORED/input_Width_custom-item-width")): Object: 'Object Repository/Page_Storage Calculator  STORED/input_Width_custom-item-width' is clicked on

2019-06-19 18:20:35 - [MESSAGE][PASSED] - Object: 'Object Repository/Page_Storage Calculator  STORED/input_Width_custom-item-width' is clicked on

2019-06-19 18:20:35 - [TEST_STEP][PASSED] - setText(findTestObject("Page_Storage Calculator  STORED/input_Width_custom-item-width"), "1"): Text '1' is set on object 'Object Repository/Page_Storage Calculator  STORED/input_Width_custom-item-width'

2019-06-19 18:20:35 - [MESSAGE][PASSED] - Text '1' is set on object 'Object Repository/Page_Storage Calculator  STORED/input_Width_custom-item-width'

2019-06-19 18:20:35 - [TEST_STEP][PASSED] - delay(5): Delayed 5 second(s)

2019-06-19 18:20:40 - [MESSAGE][PASSED] - Delayed 5 second(s)

2019-06-19 18:20:40 - [TEST_STEP][PASSED] - click(findTestObject("Page_Storage Calculator  STORED/input_Height_custom-item-height")): Object: 'Object Repository/Page_Storage Calculator  STORED/input_Height_custom-item-height' is clicked on

2019-06-19 18:20:40 - [MESSAGE][PASSED] - Object: 'Object Repository/Page_Storage Calculator  STORED/input_Height_custom-item-height' is clicked on

2019-06-19 18:20:40 - [TEST_STEP][PASSED] - setText(findTestObject("Page_Storage Calculator  STORED/input_Height_custom-item-height"), "1"): Text '1' is set on object 'Object Repository/Page_Storage Calculator  STORED/input_Height_custom-item-height'

2019-06-19 18:20:40 - [MESSAGE][PASSED] - Text '1' is set on object 'Object Repository/Page_Storage Calculator  STORED/input_Height_custom-item-height'

2019-06-19 18:20:40 - [TEST_STEP][PASSED] - delay(5): Delayed 5 second(s)

2019-06-19 18:20:45 - [MESSAGE][PASSED] - Delayed 5 second(s)]]></system-out>
         <system-err><![CDATA[]]></system-err>
      </testcase>
      <system-out><![CDATA[2019-06-19 18:20:04 - [TEST_SUITE][PASSED] - Calculator_Test_Suit: Test Cases/Add_Item_TestCase/Add_Custom_Item]]></system-out>
      <system-err><![CDATA[]]></system-err>
   </testsuite>
</testsuites>
